<?xml version="1.0" encoding="UTF-8"?>
<!-- Generated by org.testng.reporters.JUnitReportReporter -->
<testsuite hostname="SK-PC" failures="0" tests="3" name="NewMaven.NewMaven1.TestNg_bas" time="0.043" errors="0" timestamp="2020-10-14T14:57:55 IST" skipped="0">
  <testcase classname="NewMaven.NewMaven1.TestNg_bas" name="CloseBrowser" time="0.036"/>
  <system-out/>
  <testcase classname="NewMaven.NewMaven1.TestNg_bas" name="OpenBrowser" time="0.004"/>
  <system-out/>
  <testcase classname="NewMaven.NewMaven1.TestNg_bas" name="AccountTest" time="0.003"/>
  <system-out/>
</testsuite> <!-- NewMaven.NewMaven1.TestNg_bas -->
