<?xml version="1.0" encoding="UTF-8"?>
<!-- Generated by org.testng.reporters.JUnitReportReporter -->
<testsuite hostname="SK-PC" failures="0" tests="3" name="NewTest" time="0.021" errors="0" timestamp="2020-10-08T12:00:31 IST" skipped="0">
  <testcase classname="NewTest" name="xyz" time="0.013"/>
  <system-out/>
  <testcase classname="NewTest" name="abc1" time="0.003"/>
  <system-out/>
  <testcase classname="NewTest" name="neha" time="0.005"/>
  <system-out/>
</testsuite> <!-- NewTest -->
